<?xml version="1.0" encoding="UTF-8"?>
<testsuite name="com.bl.designprinciple.StateCensusAnalyserTest" tests="1" skipped="0" failures="0" errors="0" timestamp="2021-11-14T18:31:59" hostname="LAPTOP-LTNNVO58" time="0.037">
  <properties/>
  <testcase name="giveInputFromFileShouldPrintTheCensusData" classname="com.bl.designprinciple.StateCensusAnalyserTest" time="0.037"/>
  <system-out><![CDATA[The Data is State, Population, AreaInSqKm, DensityPerSqKm
The Data is Uttar Pradesh, 199812341, 240928, 828
The Data is Maharashtra, 112372972, 307713, 365
The Data is Bihar, 103804637, 94163, 1102
The Data is West Bengal, 91347736, 88752, 1029
The Data is Madhya Pradesh, 72597565, 308245, 236
The Data is Tamil Nadu, 72138958, 130058, 555
The Data is Rajasthan, 68621012, 342239, 201
The Data is Karnataka, 61130704, 191791, 319
The Data is Gujarat, 60383628, 196024, 308
The Data is Andhra Pradesh, 49386799, 162968, 303
The Data is Odisha, 41947358, 155707, 269
The Data is Telangana, 35286757, 114840, 307
The Data is Kerala, 33387677, 38863, 859
The Data is Jharkhand, 32966238, 79714, 414
The Data is Assam, 31169272, 78438, 397
The Data is Punjab, 27704236, 50362, 550
The Data is Chattisgarh, 25540196, 135191, 189
The Data is Haryana, 25353081, 44212, 573
The Data is Jammu and Kashmir, 12548926, 222236, 57
The Data is Uttarakhand, 10116752, 53483, 189
The Data is Himachal Pradesh, 6864602, 55673, 123
The Data is Tripura, 3671032, 10486, 350
The Data is Meghalaya, 2964007, 22429, 132
The Data is Manipur, 2721756, 22327, 122
The Data is Nagaland, 1980602, 16579, 119
The Data is Goa, 1457723, 3702, 394
The Data is Arunachal Pradesh, 1382611, 21000, 50
The Data is Mizoram, 1091014, 21081, 52
The Data is Sikkim, 607688, 7096, 86
Total States is :- 30
]]></system-out>
  <system-err><![CDATA[]]></system-err>
</testsuite>
